<?xml version="1.0" encoding="UTF-8"?>
<!-- Generated by org.testng.reporters.JUnitXMLReporter -->
<testsuite hostname="DESKTOP-5B2Q11L" ignored="0" name="BankingApp Test" tests="2" failures="0" timestamp="25 Jan 2021 09:38:15 GMT" time="37.962" errors="0">
  <testcase name="loginTest" time="2.155" classname="com.inetBanking.qa.Testcases.TC_LoginTest"/>
  <testcase name="addNewCustomer" time="19.241" classname="com.inetBanking.qa.Testcases.AddCustomerTest"/>
</testsuite> <!-- BankingApp Test -->
