<?xml version="1.0" encoding="UTF-8"?>
<testng-results skipped="0" failed="0" ignored="0" total="2" passed="2">
  <reporter-output>
  </reporter-output>
  <suite name="InetBanking" duration-ms="37962" started-at="2021-01-25T09:37:37Z" finished-at="2021-01-25T09:38:15Z">
    <groups>
    </groups>
    <test name="BankingApp Test" duration-ms="37962" started-at="2021-01-25T09:37:37Z" finished-at="2021-01-25T09:38:15Z">
      <class name="com.inetBanking.qa.Testcases.TC_LoginTest">
        <test-method status="PASS" signature="Setup(java.lang.String)[pri:0, instance:com.inetBanking.qa.Testcases.TC_LoginTest@2812cbfa]" name="Setup" is-config="true" duration-ms="7064" started-at="2021-01-25T09:37:38Z" finished-at="2021-01-25T09:37:45Z">
          <params>
            <param index="0">
              <value>
                <![CDATA[chrome]]>
              </value>
            </param>
          </params>
          <reporter-output>
          </reporter-output>
        </test-method> <!-- Setup -->
        <test-method status="PASS" signature="loginTest()[pri:0, instance:com.inetBanking.qa.Testcases.TC_LoginTest@2812cbfa]" name="loginTest" duration-ms="2155" started-at="2021-01-25T09:37:45Z" finished-at="2021-01-25T09:37:47Z">
          <reporter-output>
          </reporter-output>
        </test-method> <!-- loginTest -->
        <test-method status="PASS" signature="TearDown()[pri:0, instance:com.inetBanking.qa.Testcases.TC_LoginTest@2812cbfa]" name="TearDown" is-config="true" duration-ms="1140" started-at="2021-01-25T09:37:47Z" finished-at="2021-01-25T09:37:48Z">
          <reporter-output>
          </reporter-output>
        </test-method> <!-- TearDown -->
      </class> <!-- com.inetBanking.qa.Testcases.TC_LoginTest -->
      <class name="com.inetBanking.qa.Testcases.AddCustomerTest">
        <test-method status="PASS" signature="Setup(java.lang.String)[pri:0, instance:com.inetBanking.qa.Testcases.AddCustomerTest@2acf57e3]" name="Setup" is-config="true" duration-ms="7334" started-at="2021-01-25T09:37:48Z" finished-at="2021-01-25T09:37:55Z">
          <params>
            <param index="0">
              <value>
                <![CDATA[chrome]]>
              </value>
            </param>
          </params>
          <reporter-output>
          </reporter-output>
        </test-method> <!-- Setup -->
        <test-method status="PASS" signature="addNewCustomer()[pri:0, instance:com.inetBanking.qa.Testcases.AddCustomerTest@2acf57e3]" name="addNewCustomer" duration-ms="19241" started-at="2021-01-25T09:37:55Z" finished-at="2021-01-25T09:38:15Z">
          <reporter-output>
          </reporter-output>
        </test-method> <!-- addNewCustomer -->
        <test-method status="PASS" signature="TearDown()[pri:0, instance:com.inetBanking.qa.Testcases.AddCustomerTest@2acf57e3]" name="TearDown" is-config="true" duration-ms="639" started-at="2021-01-25T09:38:15Z" finished-at="2021-01-25T09:38:15Z">
          <reporter-output>
          </reporter-output>
        </test-method> <!-- TearDown -->
      </class> <!-- com.inetBanking.qa.Testcases.AddCustomerTest -->
    </test> <!-- BankingApp Test -->
  </suite> <!-- InetBanking -->
</testng-results>
